<?xml version="1.0" encoding="UTF-8"?>
<!-- Generated by org.testng.reporters.JUnitXMLReporter -->
<testsuite hostname="GopinathKumsi" ignored="0" name="Test" tests="5" failures="0" timestamp="2020-08-10T16:36:17 IST" time="0.038" errors="0">
  <testcase name="Six" time="0.003" classname="com.testng.T8"/>
  <testcase name="Seveen" time="0.003" classname="com.testng.T8"/>
  <testcase name="Eight" time="0.002" classname="com.testng.T8"/>
  <testcase name="Nine" time="0.003" classname="com.testng.T8"/>
  <testcase name="Ten" time="0.007" classname="com.testng.T8"/>
</testsuite> <!-- Test -->
