<?xml version="1.0" encoding="UTF-8"?>
<!-- Generated by org.testng.reporters.JUnitXMLReporter -->
<testsuite hostname="GopinathKumsi" ignored="0" name="Default test" tests="4" failures="0" timestamp="2020-05-09T13:41:33 IST" time="0.162" errors="0">
  <testcase name="getTestMethodOne" time="0.017" classname="org.one.MyTestNG"/>
  <testcase name="getTestMethodTwo" time="0.006" classname="org.one.MyTestNG"/>
  <testcase name="getTestMethodThree" time="0.004" classname="org.one.MyTestNG"/>
  <testcase name="getTestMethodFour" time="0.004" classname="org.one.MyTestNG"/>
</testsuite> <!-- Default test -->
