<?xml version="1.0" encoding="UTF-8"?>
<!-- Generated by org.testng.reporters.JUnitXMLReporter -->
<testsuite hostname="GopinathKumsi" ignored="0" name="Test" tests="5" failures="1" timestamp="2020-08-11T16:44:26 IST" time="0.247" errors="0">
  <testcase name="getFails" time="0.058" classname="com.testng.T11">
    <skipped/>
  </testcase> <!-- getFails -->
  <testcase name="getFails" time="0.004" classname="com.testng.T11">
    <skipped/>
  </testcase> <!-- getFails -->
  <testcase name="getFails" time="0.004" classname="com.testng.T11">
    <skipped/>
  </testcase> <!-- getFails -->
  <testcase name="getFails" time="0.003" classname="com.testng.T11">
    <failure type="java.lang.AssertionError" message="expected [true] but found [false]">
      <![CDATA[java.lang.AssertionError: expected [true] but found [false]
at com.testng.T11.getFails(T11.java:12)
at java.util.ArrayList.forEach(ArrayList.java:1257)
... Removed 32 stack frames]]>
    </failure>
  </testcase> <!-- getFails -->
  <testcase name="getPass" time="0.003" classname="com.testng.T11"/>
</testsuite> <!-- Test -->
