<?xml version="1.0" encoding="UTF-8"?>
<!-- Generated by org.testng.reporters.JUnitXMLReporter -->
<testsuite hostname="GopinathKumsi" ignored="0" name="Test" tests="5" failures="0" timestamp="2020-08-10T16:36:17 IST" time="0.142" errors="0">
  <testcase name="one" time="0.03" classname="com.testng.T7"/>
  <testcase name="two" time="0.002" classname="com.testng.T7"/>
  <testcase name="three" time="0.003" classname="com.testng.T7"/>
  <testcase name="Four" time="0.002" classname="com.testng.T7"/>
  <testcase name="Five" time="0.004" classname="com.testng.T7"/>
</testsuite> <!-- Test -->
