<?xml version="1.0" encoding="UTF-8"?>
<testng-results skipped="0" failed="0" ignored="0" total="2" passed="2">
  <reporter-output>
    <line>
      <![CDATA[This is Before Class]]>
    </line>
    <line>
      <![CDATA[This is Before Method]]>
    </line>
    <line>
      <![CDATA[This is test method 3]]>
    </line>
    <line>
      <![CDATA[This is Before Method]]>
    </line>
    <line>
      <![CDATA[This is Test4 Class]]>
    </line>
    <line>
      <![CDATA[This is After Class]]>
    </line>
  </reporter-output>
  <suite name="Default suite" duration-ms="166" started-at="2020-05-07T12:27:28 IST" finished-at="2020-05-07T12:27:28 IST">
    <groups>
    </groups>
    <test name="Default test" duration-ms="166" started-at="2020-05-07T12:27:28 IST" finished-at="2020-05-07T12:27:28 IST">
      <class name="org.one.Practise">
        <test-method status="PASS" signature="initFramework()[pri:0, instance:org.one.Practise@3dd4520b]" name="initFramework" is-config="true" duration-ms="708" started-at="2020-05-07T12:27:28 IST" finished-at="2020-05-07T12:27:28 IST">
          <reporter-output>
          </reporter-output>
        </test-method> <!-- initFramework -->
        <test-method status="PASS" signature="test()[pri:0, instance:org.one.Practise@3dd4520b]" name="test" is-config="true" duration-ms="2" started-at="2020-05-07T12:27:28 IST" finished-at="2020-05-07T12:27:28 IST">
          <reporter-output>
            <line>
              <![CDATA[This is Before Class]]>
            </line>
          </reporter-output>
        </test-method> <!-- test -->
        <test-method status="PASS" signature="test5(java.lang.reflect.Method)[pri:0, instance:org.one.Practise@3dd4520b]" name="test5" is-config="true" duration-ms="13" started-at="2020-05-07T12:27:28 IST" finished-at="2020-05-07T12:27:28 IST">
          <params>
            <param index="0">
              <value>
                <![CDATA[public void org.one.Practise.test3()]]>
              </value>
            </param>
          </params>
          <reporter-output>
            <line>
              <![CDATA[This is Before Method]]>
            </line>
          </reporter-output>
        </test-method> <!-- test5 -->
        <test-method status="PASS" signature="test3()[pri:0, instance:org.one.Practise@3dd4520b]" name="test3" duration-ms="20" started-at="2020-05-07T12:27:28 IST" finished-at="2020-05-07T12:27:28 IST">
          <reporter-output>
            <line>
              <![CDATA[This is test method 3]]>
            </line>
          </reporter-output>
        </test-method> <!-- test3 -->
        <test-method status="PASS" signature="test6(org.testng.ITestResult)[pri:0, instance:org.one.Practise@3dd4520b]" name="test6" is-config="true" duration-ms="7" started-at="2020-05-07T12:27:28 IST" finished-at="2020-05-07T12:27:28 IST">
          <params>
            <param index="0">
              <value>
                <![CDATA[[TestResult name=test3 status=SUCCESS method=Practise.test3()[pri:0, instance:org.one.Practise@3dd4520b] output=This is test method 3]]]>
              </value>
            </param>
          </params>
          <reporter-output>
          </reporter-output>
        </test-method> <!-- test6 -->
        <test-method status="PASS" signature="test5(java.lang.reflect.Method)[pri:0, instance:org.one.Practise@3dd4520b]" name="test5" is-config="true" duration-ms="2" started-at="2020-05-07T12:27:28 IST" finished-at="2020-05-07T12:27:28 IST">
          <params>
            <param index="0">
              <value>
                <![CDATA[public void org.one.Practise.test4()]]>
              </value>
            </param>
          </params>
          <reporter-output>
            <line>
              <![CDATA[This is Before Method]]>
            </line>
          </reporter-output>
        </test-method> <!-- test5 -->
        <test-method status="PASS" signature="test4()[pri:0, instance:org.one.Practise@3dd4520b]" name="test4" duration-ms="14" started-at="2020-05-07T12:27:28 IST" finished-at="2020-05-07T12:27:28 IST">
          <reporter-output>
            <line>
              <![CDATA[This is Test4 Class]]>
            </line>
          </reporter-output>
        </test-method> <!-- test4 -->
        <test-method status="PASS" signature="test6(org.testng.ITestResult)[pri:0, instance:org.one.Practise@3dd4520b]" name="test6" is-config="true" duration-ms="1" started-at="2020-05-07T12:27:28 IST" finished-at="2020-05-07T12:27:28 IST">
          <params>
            <param index="0">
              <value>
                <![CDATA[[TestResult name=test4 status=SUCCESS method=Practise.test4()[pri:0, instance:org.one.Practise@3dd4520b] output=This is Test4 Class]]]>
              </value>
            </param>
          </params>
          <reporter-output>
          </reporter-output>
        </test-method> <!-- test6 -->
        <test-method status="PASS" signature="test1()[pri:0, instance:org.one.Practise@3dd4520b]" name="test1" is-config="true" duration-ms="0" started-at="2020-05-07T12:27:28 IST" finished-at="2020-05-07T12:27:28 IST">
          <reporter-output>
            <line>
              <![CDATA[This is After Class]]>
            </line>
          </reporter-output>
        </test-method> <!-- test1 -->
        <test-method status="PASS" signature="getClose()[pri:0, instance:org.one.Practise@3dd4520b]" name="getClose" is-config="true" duration-ms="1042" started-at="2020-05-07T12:27:28 IST" finished-at="2020-05-07T12:27:29 IST">
          <reporter-output>
          </reporter-output>
        </test-method> <!-- getClose -->
      </class> <!-- org.one.Practise -->
    </test> <!-- Default test -->
  </suite> <!-- Default suite -->
</testng-results>
