<?xml version="1.0" encoding="UTF-8"?>
<testng-results skipped="0" failed="0" ignored="0" total="2" passed="2">
  <reporter-output>
  </reporter-output>
  <suite name="Suite" duration-ms="134" started-at="2020-03-28T13:41:29 IST" finished-at="2020-03-28T13:41:29 IST">
    <groups>
    </groups>
    <test name="Test" duration-ms="134" started-at="2020-03-28T13:41:29 IST" finished-at="2020-03-28T13:41:29 IST">
      <class name="org.today.PRG3">
        <test-method status="PASS" signature="Two()[pri:0, instance:org.today.PRG3@57536d79]" name="Two" duration-ms="30" started-at="2020-03-28T13:41:29 IST" finished-at="2020-03-28T13:41:29 IST">
          <reporter-output>
          </reporter-output>
        </test-method> <!-- Two -->
        <test-method status="PASS" signature="one()[pri:0, instance:org.today.PRG3@57536d79]" name="one" duration-ms="2" started-at="2020-03-28T13:41:29 IST" finished-at="2020-03-28T13:41:29 IST">
          <reporter-output>
          </reporter-output>
        </test-method> <!-- one -->
      </class> <!-- org.today.PRG3 -->
    </test> <!-- Test -->
  </suite> <!-- Suite -->
</testng-results>
